#
# There is insufficient memory for the Java Runtime Environment to continue.
# Native memory allocation (mmap) failed to map 96468992 bytes for G1 virtual space
# Possible reasons:
#   The system is out of physical RAM or swap space
#   The process is running with CompressedOops enabled, and the Java Heap may be blocking the growth of the native heap
# Possible solutions:
#   Reduce memory load on the system
#   Increase physical memory or swap space
#   Check if swap backing store is full
#   Decrease Java heap size (-Xmx/-Xms)
#   Decrease number of Java threads
#   Decrease Java thread stack sizes (-Xss)
#   Set larger code cache with -XX:ReservedCodeCacheSize=
#   JVM is running with Zero Based Compressed Oops mode in which the Java heap is
#     placed in the first 32GB address space. The Java Heap base address is the
#     maximum limit for the native heap growth. Please use -XX:HeapBaseMinAddress
#     to set the Java Heap base and to place the Java Heap above 32GB virtual address.
# This output file may be truncated or incomplete.
#
#  Out of Memory Error (os_windows.cpp:3466), pid=29456, tid=38356
#
# JRE version: Java(TM) SE Runtime Environment (16.0.2+7) (build 16.0.2+7-67)
# Java VM: Java HotSpot(TM) 64-Bit Server VM (16.0.2+7-67, mixed mode, sharing, tiered, compressed oops, compressed class ptrs, g1 gc, windows-amd64)
# No core dump will be written. Minidumps are not enabled by default on client versions of Windows
#

---------------  S U M M A R Y ------------

Command Line: --module-path=C:\Program Files\Java\javafx-sdk-15\lib --add-modules=javafx.controls,javafx.graphics,javafx.media,javafx.fxml -Dfile.encoding=Cp1252 -XX:+ShowCodeDetailsInExceptionMessages Main

Host: AMD Ryzen 7 4800HS with Radeon Graphics         , 16 cores, 15G,  Windows 10 , 64 bit Build 19041 (10.0.19041.1348)
Time: Thu Dec 16 02:26:29 2021 SE Asia Standard Time elapsed time: 12.654214 seconds (0d 0h 0m 12s)

---------------  T H R E A D  ---------------

Current thread (0x0000021c40bdf110):  VMThread "VM Thread" [stack: 0x000000a003c00000,0x000000a003d00000] [id=38356]

Stack: [0x000000a003c00000,0x000000a003d00000]
Native frames: (J=compiled Java code, j=interpreted, Vv=VM code, C=native code)
V  [jvm.dll+0x6681ca]
V  [jvm.dll+0x7c9e69]
V  [jvm.dll+0x7cb61e]
V  [jvm.dll+0x7cbc73]
V  [jvm.dll+0x242c55]
V  [jvm.dll+0x664f89]
V  [jvm.dll+0x659b75]
V  [jvm.dll+0x2fbfbb]
V  [jvm.dll+0x3031b6]
V  [jvm.dll+0x35299e]
V  [jvm.dll+0x352bcf]
V  [jvm.dll+0x2d3028]
V  [jvm.dll+0x2d0bb5]
V  [jvm.dll+0x2d01ec]
V  [jvm.dll+0x315693]
V  [jvm.dll+0x7d00ab]
V  [jvm.dll+0x7d0da4]
V  [jvm.dll+0x7d12a9]
V  [jvm.dll+0x7d1564]
V  [jvm.dll+0x7d1630]
V  [jvm.dll+0x7795aa]
V  [jvm.dll+0x667066]
C  [ucrtbase.dll+0x21bb2]
C  [KERNEL32.DLL+0x17034]
C  [ntdll.dll+0x52651]

VM_Operation (0x000000a0052fd980): G1TryInitiateConcMark, mode: safepoint, requested by thread 0x0000021c421ac260


---------------  P R O C E S S  ---------------

Threads class SMR info:
_java_thread_list=0x0000021c4aeb0ff0, length=21, elements={
0x0000021c1d8da220, 0x0000021c40be3b70, 0x0000021c40be4740, 0x0000021c40bf9660,
0x0000021c40bf9f70, 0x0000021c40bfa880, 0x0000021c40c031a0, 0x0000021c40c09550,
0x0000021c40c09ea0, 0x0000021c41821fa0, 0x0000021c40bc5410, 0x0000021c4191bd80,
0x0000021c41c72360, 0x0000021c41c863a0, 0x0000021c421aba20, 0x0000021c421ac260,
0x0000021c426e5660, 0x0000021c4255a0a0, 0x0000021c42570650, 0x0000021c4256fbb0,
0x0000021c4256f660
}

Java Threads: ( => current thread )
  0x0000021c1d8da220 JavaThread "main" [_thread_blocked, id=38196, stack(0x000000a003600000,0x000000a003700000)]
  0x0000021c40be3b70 JavaThread "Reference Handler" daemon [_thread_blocked, id=304, stack(0x000000a003d00000,0x000000a003e00000)]
  0x0000021c40be4740 JavaThread "Finalizer" daemon [_thread_blocked, id=38696, stack(0x000000a003e00000,0x000000a003f00000)]
  0x0000021c40bf9660 JavaThread "Signal Dispatcher" daemon [_thread_blocked, id=34960, stack(0x000000a003f00000,0x000000a004000000)]
  0x0000021c40bf9f70 JavaThread "Attach Listener" daemon [_thread_blocked, id=37272, stack(0x000000a004000000,0x000000a004100000)]
  0x0000021c40bfa880 JavaThread "Service Thread" daemon [_thread_blocked, id=17916, stack(0x000000a004100000,0x000000a004200000)]
  0x0000021c40c031a0 JavaThread "Monitor Deflation Thread" daemon [_thread_blocked, id=33220, stack(0x000000a004200000,0x000000a004300000)]
  0x0000021c40c09550 JavaThread "C2 CompilerThread0" daemon [_thread_blocked, id=29800, stack(0x000000a004300000,0x000000a004400000)]
  0x0000021c40c09ea0 JavaThread "C1 CompilerThread0" daemon [_thread_blocked, id=5084, stack(0x000000a004400000,0x000000a004500000)]
  0x0000021c41821fa0 JavaThread "Sweeper thread" daemon [_thread_blocked, id=36868, stack(0x000000a004500000,0x000000a004600000)]
  0x0000021c40bc5410 JavaThread "Common-Cleaner" daemon [_thread_blocked, id=36392, stack(0x000000a004600000,0x000000a004700000)]
  0x0000021c4191bd80 JavaThread "C1 CompilerThread1" daemon [_thread_blocked, id=35612, stack(0x000000a004700000,0x000000a004800000)]
  0x0000021c41c72360 JavaThread "Notification Thread" daemon [_thread_blocked, id=36524, stack(0x000000a004f00000,0x000000a005000000)]
  0x0000021c41c863a0 JavaThread "QuantumRenderer-0" daemon [_thread_blocked, id=13180, stack(0x000000a004c00000,0x000000a004d00000)]
  0x0000021c421aba20 JavaThread "InvokeLaterDispatcher" daemon [_thread_blocked, id=36360, stack(0x000000a005100000,0x000000a005200000)]
  0x0000021c421ac260 JavaThread "JavaFX Application Thread" [_thread_blocked, id=36612, stack(0x000000a005200000,0x000000a005300000)]
  0x0000021c426e5660 JavaThread "JavaFX-Launcher" [_thread_blocked, id=33240, stack(0x000000a005e00000,0x000000a005f00000)]
  0x0000021c4255a0a0 JavaThread "Thread-2" daemon [_thread_blocked, id=29736, stack(0x000000a005d00000,0x000000a005e00000)]
  0x0000021c42570650 JavaThread "Prism Font Disposer" daemon [_thread_blocked, id=38004, stack(0x000000a006400000,0x000000a006500000)]
  0x0000021c4256fbb0 JavaThread "Cleaner-0" daemon [_thread_blocked, id=36232, stack(0x000000a006600000,0x000000a006700000)]
  0x0000021c4256f660 JavaThread "Thread-4" [_thread_blocked, id=36652, stack(0x000000a006900000,0x000000a006a00000)]

Other Threads:
=>0x0000021c40bdf110 VMThread "VM Thread" [stack: 0x000000a003c00000,0x000000a003d00000] [id=38356]
  0x0000021c41b44f80 WatcherThread [stack: 0x000000a005000000,0x000000a005100000] [id=37360]
  0x0000021c1d92b6b0 GCTaskThread "GC Thread#0" [stack: 0x000000a003700000,0x000000a003800000] [id=33060]
  0x0000021c42589810 GCTaskThread "GC Thread#1" [stack: 0x000000a005f00000,0x000000a006000000] [id=24168]
  0x0000021c42589b20 GCTaskThread "GC Thread#2" [stack: 0x000000a006000000,0x000000a006100000] [id=37952]
  0x0000021c426d9a70 GCTaskThread "GC Thread#3" [stack: 0x000000a006100000,0x000000a006200000] [id=37352]
  0x0000021c426d9d80 GCTaskThread "GC Thread#4" [stack: 0x000000a006200000,0x000000a006300000] [id=19108]
  0x0000021c4251e8b0 GCTaskThread "GC Thread#5" [stack: 0x000000a006300000,0x000000a006400000] [id=37776]
  0x0000021c4afe5b20 GCTaskThread "GC Thread#6" [stack: 0x000000a004b00000,0x000000a004c00000] [id=30428]
  0x0000021c42fde500 GCTaskThread "GC Thread#7" [stack: 0x000000a006700000,0x000000a006800000] [id=8164]
  0x0000021c432a7230 GCTaskThread "GC Thread#8" [stack: 0x000000a006800000,0x000000a006900000] [id=38172]
  0x0000021c432c0080 GCTaskThread "GC Thread#9" [stack: 0x000000a006d00000,0x000000a006e00000] [id=31120]
  0x0000021c1d93d570 ConcurrentGCThread "G1 Main Marker" [stack: 0x000000a003800000,0x000000a003900000] [id=38096]
  0x0000021c1d93df70 ConcurrentGCThread "G1 Conc#0" [stack: 0x000000a003900000,0x000000a003a00000] [id=37636]
  0x0000021c41c754e0 ConcurrentGCThread "G1 Conc#1" [stack: 0x000000a006e00000,0x000000a006f00000] [id=22068]
  0x0000021c41c76740 ConcurrentGCThread "G1 Conc#2" [stack: 0x000000a006f00000,0x000000a007000000] [id=38392]
  0x0000021c1d9bdab0 ConcurrentGCThread "G1 Refine#0" [stack: 0x000000a003a00000,0x000000a003b00000] [id=36220]
  0x0000021c1d9be3c0 ConcurrentGCThread "G1 Service" [stack: 0x000000a003b00000,0x000000a003c00000] [id=17120]

Threads with active compile tasks:
C2 CompilerThread0    12681 4233       4       com.sun.prism.impl.BaseResourceFactory::getCachedTexture (522 bytes)

VM state: at safepoint (normal execution)

VM Mutex/Monitor currently owned by a thread:  ([mutex/lock_event])
[0x0000021c1d8d6bb0] Threads_lock - owner thread: 0x0000021c40bdf110
[0x0000021c1d8d6580] Heap_lock - owner thread: 0x0000021c421ac260

Heap address: 0x0000000709400000, size: 3948 MB, Compressed Oops mode: Zero based, Oop shift amount: 3

CDS archive(s) mapped at: [0x0000000800000000-0x0000000800bb0000-0x0000000800bb0000), size 12255232, SharedBaseAddress: 0x0000000800000000, ArchiveRelocationMode: 0.
Compressed class space mapped at: 0x0000000800c00000-0x0000000840c00000, reserved size: 1073741824
Narrow klass base: 0x0000000800000000, Narrow klass shift: 3, Narrow klass range: 0x100000000

GC Precious Log:
 CPUs: 16 total, 16 available
 Memory: 15789M
 Large Page Support: Disabled
 NUMA Support: Disabled
 Compressed Oops: Enabled (Zero based)
 Heap Region Size: 2M
 Heap Min Capacity: 8M
 Heap Initial Capacity: 248M
 Heap Max Capacity: 3948M
 Pre-touch: Disabled
 Parallel Workers: 13
 Concurrent Workers: 3
 Concurrent Refinement Workers: 13
 Periodic GC: Disabled

Heap:
 garbage-first heap   total 253952K, used 120126K [0x0000000709400000, 0x0000000800000000)
  region size 2048K, 2 young (4096K), 2 survivors (4096K)
 Metaspace       used 15054K, committed 15296K, reserved 1064960K
  class space    used 1922K, committed 2048K, reserved 1048576K

Heap Regions: E=young(eden), S=young(survivor), O=old, HS=humongous(starts), HC=humongous(continues), CS=collection set, F=free, OA=open archive, CA=closed archive, TAMS=top-at-mark-start (previous, next)
|   0|0x0000000709400000, 0x0000000709600000, 0x0000000709600000|100%|HS|  |TAMS 0x0000000709600000, 0x0000000709600000| Complete 
|   1|0x0000000709600000, 0x0000000709800000, 0x0000000709800000|100%| O|  |TAMS 0x0000000709800000, 0x0000000709800000| Untracked 
|   2|0x0000000709800000, 0x0000000709a00000, 0x0000000709a00000|100%|HS|  |TAMS 0x0000000709a00000, 0x0000000709a00000| Complete 
|   3|0x0000000709a00000, 0x0000000709c00000, 0x0000000709c00000|100%|HC|  |TAMS 0x0000000709c00000, 0x0000000709c00000| Complete 
|   4|0x0000000709c00000, 0x0000000709e00000, 0x0000000709e00000|100%|HC|  |TAMS 0x0000000709e00000, 0x0000000709e00000| Complete 
|   5|0x0000000709e00000, 0x000000070a000000, 0x000000070a000000|100%|HC|  |TAMS 0x000000070a000000, 0x000000070a000000| Complete 
|   6|0x000000070a000000, 0x000000070a200000, 0x000000070a200000|100%|HC|  |TAMS 0x000000070a200000, 0x000000070a200000| Complete 
|   7|0x000000070a200000, 0x000000070a400000, 0x000000070a400000|100%|HC|  |TAMS 0x000000070a400000, 0x000000070a400000| Complete 
|   8|0x000000070a400000, 0x000000070a600000, 0x000000070a600000|100%|HC|  |TAMS 0x000000070a600000, 0x000000070a600000| Complete 
|   9|0x000000070a600000, 0x000000070a800000, 0x000000070a800000|100%|HC|  |TAMS 0x000000070a800000, 0x000000070a800000| Complete 
|  10|0x000000070a800000, 0x000000070aa00000, 0x000000070aa00000|100%|HC|  |TAMS 0x000000070aa00000, 0x000000070aa00000| Complete 
|  11|0x000000070aa00000, 0x000000070ac00000, 0x000000070ac00000|100%|HC|  |TAMS 0x000000070ac00000, 0x000000070ac00000| Complete 
|  12|0x000000070ac00000, 0x000000070ae00000, 0x000000070ae00000|100%|HC|  |TAMS 0x000000070ae00000, 0x000000070ae00000| Complete 
|  13|0x000000070ae00000, 0x000000070b000000, 0x000000070b000000|100%|HC|  |TAMS 0x000000070b000000, 0x000000070b000000| Complete 
|  14|0x000000070b000000, 0x000000070b200000, 0x000000070b200000|100%|HC|  |TAMS 0x000000070b200000, 0x000000070b200000| Complete 
|  15|0x000000070b200000, 0x000000070b400000, 0x000000070b400000|100%|HC|  |TAMS 0x000000070b400000, 0x000000070b400000| Complete 
|  16|0x000000070b400000, 0x000000070b600000, 0x000000070b600000|100%|HS|  |TAMS 0x000000070b600000, 0x000000070b600000| Complete 
|  17|0x000000070b600000, 0x000000070b600000, 0x000000070b800000|  0%| F|  |TAMS 0x000000070b600000, 0x000000070b600000| Untracked 
|  18|0x000000070b800000, 0x000000070ba00000, 0x000000070ba00000|100%|HS|  |TAMS 0x000000070ba00000, 0x000000070ba00000| Complete 
|  19|0x000000070ba00000, 0x000000070bc00000, 0x000000070bc00000|100%|HS|  |TAMS 0x000000070bc00000, 0x000000070bc00000| Complete 
|  20|0x000000070bc00000, 0x000000070be00000, 0x000000070be00000|100%|HS|  |TAMS 0x000000070be00000, 0x000000070be00000| Complete 
|  21|0x000000070be00000, 0x000000070c000000, 0x000000070c000000|100%|HS|  |TAMS 0x000000070c000000, 0x000000070c000000| Complete 
|  22|0x000000070c000000, 0x000000070c200000, 0x000000070c200000|100%|HS|  |TAMS 0x000000070c200000, 0x000000070c200000| Complete 
|  23|0x000000070c200000, 0x000000070c400000, 0x000000070c400000|100%|HS|  |TAMS 0x000000070c400000, 0x000000070c400000| Complete 
|  24|0x000000070c400000, 0x000000070c600000, 0x000000070c600000|100%|HS|  |TAMS 0x000000070c400000, 0x000000070c600000| Complete 
|  25|0x000000070c600000, 0x000000070c800000, 0x000000070c800000|100%|HS|  |TAMS 0x000000070c600000, 0x000000070c800000| Complete 
|  26|0x000000070c800000, 0x000000070ca00000, 0x000000070ca00000|100%|HS|  |TAMS 0x000000070ca00000, 0x000000070ca00000| Complete 
|  27|0x000000070ca00000, 0x000000070cc00000, 0x000000070cc00000|100%|HS|  |TAMS 0x000000070ca00000, 0x000000070cc00000| Complete 
|  28|0x000000070cc00000, 0x000000070cc00000, 0x000000070ce00000|  0%| F|  |TAMS 0x000000070cc00000, 0x000000070cc00000| Untracked 
|  29|0x000000070ce00000, 0x000000070ce00000, 0x000000070d000000|  0%| F|  |TAMS 0x000000070ce00000, 0x000000070ce00000| Untracked 
|  30|0x000000070d000000, 0x000000070d000000, 0x000000070d200000|  0%| F|  |TAMS 0x000000070d000000, 0x000000070d000000| Untracked 
|  31|0x000000070d200000, 0x000000070d200000, 0x000000070d400000|  0%| F|  |TAMS 0x000000070d200000, 0x000000070d200000| Untracked 
|  32|0x000000070d400000, 0x000000070d400000, 0x000000070d600000|  0%| F|  |TAMS 0x000000070d400000, 0x000000070d400000| Untracked 
|  33|0x000000070d600000, 0x000000070d600000, 0x000000070d800000|  0%| F|  |TAMS 0x000000070d600000, 0x000000070d600000| Untracked 
|  34|0x000000070d800000, 0x000000070d800000, 0x000000070da00000|  0%| F|  |TAMS 0x000000070d800000, 0x000000070d800000| Untracked 
|  35|0x000000070da00000, 0x000000070da00000, 0x000000070dc00000|  0%| F|  |TAMS 0x000000070da00000, 0x000000070da00000| Untracked 
|  36|0x000000070dc00000, 0x000000070dc00000, 0x000000070de00000|  0%| F|  |TAMS 0x000000070dc00000, 0x000000070dc00000| Untracked 
|  37|0x000000070de00000, 0x000000070e000000, 0x000000070e000000|100%|HS|  |TAMS 0x000000070e000000, 0x000000070e000000| Complete 
|  38|0x000000070e000000, 0x000000070e200000, 0x000000070e200000|100%| O|  |TAMS 0x000000070e200000, 0x000000070e200000| Untracked 
|  39|0x000000070e200000, 0x000000070e400000, 0x000000070e400000|100%| O|  |TAMS 0x000000070e400000, 0x000000070e400000| Untracked 
|  40|0x000000070e400000, 0x000000070e600000, 0x000000070e600000|100%| O|  |TAMS 0x000000070e600000, 0x000000070e600000| Untracked 
|  41|0x000000070e600000, 0x000000070e800000, 0x000000070e800000|100%| O|  |TAMS 0x000000070e800000, 0x000000070e800000| Untracked 
|  42|0x000000070e800000, 0x000000070ea00000, 0x000000070ea00000|100%| O|  |TAMS 0x000000070ea00000, 0x000000070ea00000| Untracked 
|  43|0x000000070ea00000, 0x000000070ec00000, 0x000000070ec00000|100%| O|  |TAMS 0x000000070ec00000, 0x000000070ec00000| Untracked 
|  44|0x000000070ec00000, 0x000000070ee00000, 0x000000070ee00000|100%| O|  |TAMS 0x000000070ee00000, 0x000000070ee00000| Untracked 
|  45|0x000000070ee00000, 0x000000070f000000, 0x000000070f000000|100%| O|  |TAMS 0x000000070f000000, 0x000000070f000000| Untracked 
|  46|0x000000070f000000, 0x000000070f200000, 0x000000070f200000|100%| O|  |TAMS 0x000000070f200000, 0x000000070f200000| Untracked 
|  47|0x000000070f200000, 0x000000070f400000, 0x000000070f400000|100%| O|  |TAMS 0x000000070f400000, 0x000000070f400000| Untracked 
|  48|0x000000070f400000, 0x000000070f600000, 0x000000070f600000|100%| O|  |TAMS 0x000000070f600000, 0x000000070f600000| Untracked 
|  49|0x000000070f600000, 0x000000070f800000, 0x000000070f800000|100%| O|  |TAMS 0x000000070f800000, 0x000000070f800000| Untracked 
|  50|0x000000070f800000, 0x000000070fa00000, 0x000000070fa00000|100%| O|  |TAMS 0x000000070fa00000, 0x000000070fa00000| Untracked 
|  51|0x000000070fa00000, 0x000000070fc00000, 0x000000070fc00000|100%| O|  |TAMS 0x000000070fc00000, 0x000000070fc00000| Untracked 
|  52|0x000000070fc00000, 0x000000070fe00000, 0x000000070fe00000|100%| O|  |TAMS 0x000000070fe00000, 0x000000070fe00000| Untracked 
|  53|0x000000070fe00000, 0x0000000710000000, 0x0000000710000000|100%| O|  |TAMS 0x0000000710000000, 0x0000000710000000| Untracked 
|  54|0x0000000710000000, 0x0000000710200000, 0x0000000710200000|100%| O|  |TAMS 0x0000000710200000, 0x0000000710200000| Untracked 
|  55|0x0000000710200000, 0x0000000710400000, 0x0000000710400000|100%|HS|  |TAMS 0x0000000710400000, 0x0000000710400000| Complete 
|  56|0x0000000710400000, 0x0000000710600000, 0x0000000710600000|100%| O|  |TAMS 0x0000000710600000, 0x0000000710600000| Untracked 
|  57|0x0000000710600000, 0x0000000710800000, 0x0000000710800000|100%| O|  |TAMS 0x0000000710800000, 0x0000000710800000| Untracked 
|  58|0x0000000710800000, 0x0000000710a00000, 0x0000000710a00000|100%| O|  |TAMS 0x0000000710a00000, 0x0000000710a00000| Untracked 
|  59|0x0000000710a00000, 0x0000000710c00000, 0x0000000710c00000|100%| O|  |TAMS 0x0000000710c00000, 0x0000000710c00000| Untracked 
|  60|0x0000000710c00000, 0x0000000710e00000, 0x0000000710e00000|100%|HS|  |TAMS 0x0000000710e00000, 0x0000000710e00000| Complete 
|  61|0x0000000710e00000, 0x0000000711000000, 0x0000000711000000|100%|HS|  |TAMS 0x0000000711000000, 0x0000000711000000| Complete 
|  62|0x0000000711000000, 0x0000000711200000, 0x0000000711200000|100%|HS|  |TAMS 0x0000000711200000, 0x0000000711200000| Complete 
|  63|0x0000000711200000, 0x0000000711400000, 0x0000000711400000|100%| O|  |TAMS 0x0000000711400000, 0x0000000711400000| Untracked 
|  64|0x0000000711400000, 0x0000000711600000, 0x0000000711600000|100%| O|  |TAMS 0x0000000711600000, 0x0000000711600000| Untracked 
|  65|0x0000000711600000, 0x00000007116d1200, 0x0000000711800000| 40%| O|  |TAMS 0x00000007116d1200, 0x00000007116d1200| Untracked 
|  66|0x0000000711800000, 0x0000000711a00000, 0x0000000711a00000|100%|HS|  |TAMS 0x0000000711a00000, 0x0000000711a00000| Complete 
|  67|0x0000000711a00000, 0x0000000711c00000, 0x0000000711c00000|100%|HS|  |TAMS 0x0000000711c00000, 0x0000000711c00000| Complete 
|  68|0x0000000711c00000, 0x0000000711c00000, 0x0000000711e00000|  0%| F|  |TAMS 0x0000000711c00000, 0x0000000711c00000| Untracked 
|  69|0x0000000711e00000, 0x0000000711e00000, 0x0000000712000000|  0%| F|  |TAMS 0x0000000711e00000, 0x0000000711e00000| Untracked 
|  70|0x0000000712000000, 0x0000000712000000, 0x0000000712200000|  0%| F|  |TAMS 0x0000000712000000, 0x0000000712000000| Untracked 
|  71|0x0000000712200000, 0x0000000712200000, 0x0000000712400000|  0%| F|  |TAMS 0x0000000712200000, 0x0000000712200000| Untracked 
|  72|0x0000000712400000, 0x0000000712400000, 0x0000000712600000|  0%| F|  |TAMS 0x0000000712400000, 0x0000000712400000| Untracked 
|  73|0x0000000712600000, 0x0000000712600000, 0x0000000712800000|  0%| F|  |TAMS 0x0000000712600000, 0x0000000712600000| Untracked 
|  74|0x0000000712800000, 0x0000000712800000, 0x0000000712a00000|  0%| F|  |TAMS 0x0000000712800000, 0x0000000712800000| Untracked 
|  75|0x0000000712a00000, 0x0000000712a00000, 0x0000000712c00000|  0%| F|  |TAMS 0x0000000712a00000, 0x0000000712a00000| Untracked 
|  76|0x0000000712c00000, 0x0000000712c00000, 0x0000000712e00000|  0%| F|  |TAMS 0x0000000712c00000, 0x0000000712c00000| Untracked 
|  77|0x0000000712e00000, 0x0000000712e00000, 0x0000000713000000|  0%| F|  |TAMS 0x0000000712e00000, 0x0000000712e00000| Untracked 
|  78|0x0000000713000000, 0x0000000713000000, 0x0000000713200000|  0%| F|  |TAMS 0x0000000713000000, 0x0000000713000000| Untracked 
|  79|0x0000000713200000, 0x0000000713200000, 0x0000000713400000|  0%| F|  |TAMS 0x0000000713200000, 0x0000000713200000| Untracked 
|  80|0x0000000713400000, 0x0000000713400000, 0x0000000713600000|  0%| F|  |TAMS 0x0000000713400000, 0x0000000713400000| Untracked 
|  81|0x0000000713600000, 0x0000000713600000, 0x0000000713800000|  0%| F|  |TAMS 0x0000000713600000, 0x0000000713600000| Untracked 
|  82|0x0000000713800000, 0x0000000713800000, 0x0000000713a00000|  0%| F|  |TAMS 0x0000000713800000, 0x0000000713800000| Untracked 
|  83|0x0000000713a00000, 0x0000000713a00000, 0x0000000713c00000|  0%| F|  |TAMS 0x0000000713a00000, 0x0000000713a00000| Untracked 
|  84|0x0000000713c00000, 0x0000000713c00000, 0x0000000713e00000|  0%| F|  |TAMS 0x0000000713c00000, 0x0000000713c00000| Untracked 
|  85|0x0000000713e00000, 0x0000000713e00000, 0x0000000714000000|  0%| F|  |TAMS 0x0000000713e00000, 0x0000000713e00000| Untracked 
|  86|0x0000000714000000, 0x0000000714000000, 0x0000000714200000|  0%| F|  |TAMS 0x0000000714000000, 0x0000000714000000| Untracked 
|  87|0x0000000714200000, 0x0000000714200000, 0x0000000714400000|  0%| F|  |TAMS 0x0000000714200000, 0x0000000714200000| Untracked 
|  88|0x0000000714400000, 0x0000000714400000, 0x0000000714600000|  0%| F|  |TAMS 0x0000000714400000, 0x0000000714400000| Untracked 
|  89|0x0000000714600000, 0x0000000714600000, 0x0000000714800000|  0%| F|  |TAMS 0x0000000714600000, 0x0000000714600000| Untracked 
|  90|0x0000000714800000, 0x0000000714800000, 0x0000000714a00000|  0%| F|  |TAMS 0x0000000714800000, 0x0000000714800000| Untracked 
|  91|0x0000000714a00000, 0x0000000714a00000, 0x0000000714c00000|  0%| F|  |TAMS 0x0000000714a00000, 0x0000000714a00000| Untracked 
|  92|0x0000000714c00000, 0x0000000714c00000, 0x0000000714e00000|  0%| F|  |TAMS 0x0000000714c00000, 0x0000000714c00000| Untracked 
|  93|0x0000000714e00000, 0x0000000714e00000, 0x0000000715000000|  0%| F|  |TAMS 0x0000000714e00000, 0x0000000714e00000| Untracked 
|  94|0x0000000715000000, 0x0000000715000000, 0x0000000715200000|  0%| F|  |TAMS 0x0000000715000000, 0x0000000715000000| Untracked 
|  95|0x0000000715200000, 0x0000000715200000, 0x0000000715400000|  0%| F|  |TAMS 0x0000000715200000, 0x0000000715200000| Untracked 
|  96|0x0000000715400000, 0x0000000715400000, 0x0000000715600000|  0%| F|  |TAMS 0x0000000715400000, 0x0000000715400000| Untracked 
|  97|0x0000000715600000, 0x0000000715600000, 0x0000000715800000|  0%| F|  |TAMS 0x0000000715600000, 0x0000000715600000| Untracked 
|  98|0x0000000715800000, 0x0000000715800000, 0x0000000715a00000|  0%| F|  |TAMS 0x0000000715800000, 0x0000000715800000| Untracked 
|  99|0x0000000715a00000, 0x0000000715a00000, 0x0000000715c00000|  0%| F|  |TAMS 0x0000000715a00000, 0x0000000715a00000| Untracked 
| 100|0x0000000715c00000, 0x0000000715c00000, 0x0000000715e00000|  0%| F|  |TAMS 0x0000000715c00000, 0x0000000715c00000| Untracked 
| 101|0x0000000715e00000, 0x0000000715e00000, 0x0000000716000000|  0%| F|  |TAMS 0x0000000715e00000, 0x0000000715e00000| Untracked 
| 102|0x0000000716000000, 0x0000000716000000, 0x0000000716200000|  0%| F|  |TAMS 0x0000000716000000, 0x0000000716000000| Untracked 
| 103|0x0000000716200000, 0x0000000716200000, 0x0000000716400000|  0%| F|  |TAMS 0x0000000716200000, 0x0000000716200000| Untracked 
| 104|0x0000000716400000, 0x0000000716400000, 0x0000000716600000|  0%| F|  |TAMS 0x0000000716400000, 0x0000000716400000| Untracked 
| 105|0x0000000716600000, 0x0000000716600000, 0x0000000716800000|  0%| F|  |TAMS 0x0000000716600000, 0x0000000716600000| Untracked 
| 106|0x0000000716800000, 0x0000000716800000, 0x0000000716a00000|  0%| F|  |TAMS 0x0000000716800000, 0x0000000716800000| Untracked 
| 107|0x0000000716a00000, 0x0000000716a00000, 0x0000000716c00000|  0%| F|  |TAMS 0x0000000716a00000, 0x0000000716a00000| Untracked 
| 108|0x0000000716c00000, 0x0000000716c00000, 0x0000000716e00000|  0%| F|  |TAMS 0x0000000716c00000, 0x0000000716c00000| Untracked 
| 109|0x0000000716e00000, 0x0000000716e00000, 0x0000000717000000|  0%| F|  |TAMS 0x0000000716e00000, 0x0000000716e00000| Untracked 
| 110|0x0000000717000000, 0x0000000717000000, 0x0000000717200000|  0%| F|  |TAMS 0x0000000717000000, 0x0000000717000000| Untracked 
| 111|0x0000000717200000, 0x0000000717200000, 0x0000000717400000|  0%| F|  |TAMS 0x0000000717200000, 0x0000000717200000| Untracked 
| 112|0x0000000717400000, 0x0000000717400000, 0x0000000717600000|  0%| F|  |TAMS 0x0000000717400000, 0x0000000717400000| Untracked 
| 113|0x0000000717600000, 0x0000000717600000, 0x0000000717800000|  0%| F|  |TAMS 0x0000000717600000, 0x0000000717600000| Untracked 
| 114|0x0000000717800000, 0x0000000717800000, 0x0000000717a00000|  0%| F|  |TAMS 0x0000000717800000, 0x0000000717800000| Untracked 
| 115|0x0000000717a00000, 0x0000000717a00000, 0x0000000717c00000|  0%| F|  |TAMS 0x0000000717a00000, 0x0000000717a00000| Untracked 
| 116|0x0000000717c00000, 0x0000000717c00000, 0x0000000717e00000|  0%| F|  |TAMS 0x0000000717c00000, 0x0000000717c00000| Untracked 
| 117|0x0000000717e00000, 0x0000000717e00000, 0x0000000718000000|  0%| F|  |TAMS 0x0000000717e00000, 0x0000000717e00000| Untracked 
| 118|0x0000000718000000, 0x000000071807e970, 0x0000000718200000| 24%| S|CS|TAMS 0x0000000718000000, 0x0000000718000000| Complete 
| 119|0x0000000718200000, 0x0000000718400000, 0x0000000718400000|100%| S|CS|TAMS 0x0000000718200000, 0x0000000718200000| Complete 
| 120|0x0000000718400000, 0x0000000718400000, 0x0000000718600000|  0%| F|  |TAMS 0x0000000718400000, 0x0000000718400000| Untracked 
| 121|0x0000000718600000, 0x0000000718600000, 0x0000000718800000|  0%| F|  |TAMS 0x0000000718600000, 0x0000000718600000| Untracked 
| 122|0x0000000718800000, 0x0000000718800000, 0x0000000718a00000|  0%| F|  |TAMS 0x0000000718800000, 0x0000000718800000| Untracked 
| 123|0x0000000718a00000, 0x0000000718a00000, 0x0000000718c00000|  0%| F|  |TAMS 0x0000000718a00000, 0x0000000718a00000| Untracked 

Card table byte_map: [0x0000021c350a0000,0x0000021c35860000] _byte_map_base: 0x0000021c31856000

Marking Bits (Prev, Next): (CMBitMap*) 0x0000021c1d92ccc0, (CMBitMap*) 0x0000021c1d92cd00
 Prev Bits: [0x0000021c36020000, 0x0000021c39dd0000)
 Next Bits: [0x0000021c39dd0000, 0x0000021c3db80000)

Polling page: 0x0000021c1b880000

Metaspace:

Usage:
  Non-class:     12.82 MB used.
      Class:      1.88 MB used.
       Both:     14.70 MB used.

Virtual space:
  Non-class space:       16.00 MB reserved,      12.94 MB ( 81%) committed,  2 nodes.
      Class space:        1.00 GB reserved,       2.00 MB ( <1%) committed,  1 nodes.
              Both:        1.02 GB reserved,      14.94 MB (  1%) committed. 

Chunk freelists:
   Non-Class:  2.41 MB
       Class:  2.06 MB
        Both:  4.47 MB

MaxMetaspaceSize: 17179869184.00 GB
CompressedClassSpaceSize: 1.00 GB
 - commit_granule_bytes: 65536.
 - commit_granule_words: 8192.
 - virtual_space_node_default_size: 1048576.
 - enlarge_chunks_in_place: 1.
 - new_chunks_are_fully_committed: 0.
 - uncommit_free_chunks: 1.
 - use_allocation_guard: 0.
 - handle_deallocations: 1.


Internal statistics:

num_allocs_failed_limit: 0.
num_arena_births: 178.
num_arena_deaths: 0.
num_vsnodes_births: 3.
num_vsnodes_deaths: 0.
num_space_committed: 239.
num_space_uncommitted: 0.
num_chunks_returned_to_freelist: 0.
num_chunks_taken_from_freelist: 669.
num_chunk_merges: 0.
num_chunk_splits: 479.
num_chunks_enlarged: 389.
num_purges: 0.

CodeHeap 'non-profiled nmethods': size=119168Kb used=2019Kb max_used=2019Kb free=117148Kb
 bounds [0x0000021c2cc00000, 0x0000021c2ce70000, 0x0000021c34060000]
CodeHeap 'profiled nmethods': size=119104Kb used=8502Kb max_used=8502Kb free=110601Kb
 bounds [0x0000021c257b0000, 0x0000021c26000000, 0x0000021c2cc00000]
CodeHeap 'non-nmethods': size=7488Kb used=2003Kb max_used=3170Kb free=5484Kb
 bounds [0x0000021c25060000, 0x0000021c25380000, 0x0000021c257b0000]
 total_blobs=5030 nmethods=4231 adapters=710
 compilation: enabled
              stopped_count=0, restarted_count=0
 full_count=0

Compilation events (20 events):
Event: 12.267 Thread 0x0000021c4191bd80 nmethod 4221 0x0000021c25ff3190 code [0x0000021c25ff3960, 0x0000021c25ffa4a8]
Event: 12.390 Thread 0x0000021c40c09550 4223       4       java.util.ArrayList::remove (76 bytes)
Event: 12.394 Thread 0x0000021c40c09550 nmethod 4223 0x0000021c2cdf1e90 code [0x0000021c2cdf2020, 0x0000021c2cdf24f8]
Event: 12.427 Thread 0x0000021c40c09550 4224       4       com.sun.javafx.iio.gif.GIFImageLoader2::readBytes (44 bytes)
Event: 12.430 Thread 0x0000021c40c09550 nmethod 4224 0x0000021c2cdf2710 code [0x0000021c2cdf28c0, 0x0000021c2cdf2fa8]
Event: 12.470 Thread 0x0000021c40c09550 4225       4       com.sun.javafx.geom.Path2D::needRoom (94 bytes)
Event: 12.472 Thread 0x0000021c40c09550 nmethod 4225 0x0000021c2cdf3510 code [0x0000021c2cdf36c0, 0x0000021c2cdf39f8]
Event: 12.488 Thread 0x0000021c40c09550 4226       4       com.sun.javafx.geom.Path2D$TxIterator::currentSegment (45 bytes)
Event: 12.489 Thread 0x0000021c40c09550 nmethod 4226 0x0000021c2cdf3b90 code [0x0000021c2cdf3d40, 0x0000021c2cdf4008]
Event: 12.503 Thread 0x0000021c40c09550 4227       4       java.util.WeakHashMap::get (75 bytes)
Event: 12.515 Thread 0x0000021c40c09550 nmethod 4227 0x0000021c2cdf4310 code [0x0000021c2cdf44e0, 0x0000021c2cdf5858]
Event: 12.570 Thread 0x0000021c4191bd80 4228       3       java.util.concurrent.locks.LockSupport::setBlocker (12 bytes)
Event: 12.570 Thread 0x0000021c4191bd80 nmethod 4228 0x0000021c25ffcb10 code [0x0000021c25ffccc0, 0x0000021c25ffcee8]
Event: 12.572 Thread 0x0000021c4191bd80 4229       3       java.util.regex.Matcher::reset (128 bytes)
Event: 12.573 Thread 0x0000021c4191bd80 nmethod 4229 0x0000021c25ffcf90 code [0x0000021c25ffd180, 0x0000021c25ffd758]
Event: 12.603 Thread 0x0000021c40c09550 4230       4       com.sun.javafx.geom.transform.GeneralTransform3D::set (24 bytes)
Event: 12.605 Thread 0x0000021c40c09550 nmethod 4230 0x0000021c2cdf5e90 code [0x0000021c2cdf6040, 0x0000021c2cdf61d8]
Event: 12.630 Thread 0x0000021c40c09550 4231       4       com.sun.prism.d3d.D3DContext::updateRenderTarget (353 bytes)
Event: 12.643 Thread 0x0000021c40c09550 nmethod 4231 0x0000021c2cdf6390 code [0x0000021c2cdf66e0, 0x0000021c2cdf7df0]
Event: 12.643 Thread 0x0000021c40c09550 4233       4       com.sun.prism.impl.BaseResourceFactory::getCachedTexture (522 bytes)

GC Heap History (17 events):
Event: 0.541 GC heap before
{Heap before GC invocations=0 (full 0):
 garbage-first heap   total 253952K, used 22528K [0x0000000709400000, 0x0000000800000000)
  region size 2048K, 11 young (22528K), 0 survivors (0K)
 Metaspace       used 4542K, committed 4736K, reserved 1056768K
  class space    used 564K, committed 640K, reserved 1048576K
}
Event: 0.543 GC heap after
{Heap after GC invocations=1 (full 0):
 garbage-first heap   total 253952K, used 2504K [0x0000000709400000, 0x0000000800000000)
  region size 2048K, 2 young (4096K), 2 survivors (4096K)
 Metaspace       used 4542K, committed 4736K, reserved 1056768K
  class space    used 564K, committed 640K, reserved 1048576K
}
Event: 3.261 GC heap before
{Heap before GC invocations=1 (full 0):
 garbage-first heap   total 253952K, used 41416K [0x0000000709400000, 0x0000000800000000)
  region size 2048K, 20 young (40960K), 2 survivors (4096K)
 Metaspace       used 12492K, committed 12672K, reserved 1064960K
  class space    used 1658K, committed 1728K, reserved 1048576K
}
Event: 3.266 GC heap after
{Heap after GC invocations=2 (full 0):
 garbage-first heap   total 253952K, used 9550K [0x0000000709400000, 0x0000000800000000)
  region size 2048K, 3 young (6144K), 3 survivors (6144K)
 Metaspace       used 12492K, committed 12672K, reserved 1064960K
  class space    used 1658K, committed 1728K, reserved 1048576K
}
Event: 6.268 GC heap before
{Heap before GC invocations=2 (full 0):
 garbage-first heap   total 253952K, used 154958K [0x0000000709400000, 0x0000000800000000)
  region size 2048K, 39 young (79872K), 3 survivors (6144K)
 Metaspace       used 14547K, committed 14784K, reserved 1064960K
  class space    used 1920K, committed 2048K, reserved 1048576K
}
Event: 6.277 GC heap after
{Heap after GC invocations=3 (full 0):
 garbage-first heap   total 253952K, used 95108K [0x0000000709400000, 0x0000000800000000)
  region size 2048K, 5 young (10240K), 5 survivors (10240K)
 Metaspace       used 14547K, committed 14784K, reserved 1064960K
  class space    used 1920K, committed 2048K, reserved 1048576K
}
Event: 10.351 GC heap before
{Heap before GC invocations=3 (full 0):
 garbage-first heap   total 253952K, used 168836K [0x0000000709400000, 0x0000000800000000)
  region size 2048K, 29 young (59392K), 5 survivors (10240K)
 Metaspace       used 15045K, committed 15296K, reserved 1064960K
  class space    used 1922K, committed 2048K, reserved 1048576K
}
Event: 10.355 GC heap after
{Heap after GC invocations=4 (full 0):
 garbage-first heap   total 253952K, used 123771K [0x0000000709400000, 0x0000000800000000)
  region size 2048K, 3 young (6144K), 3 survivors (6144K)
 Metaspace       used 15045K, committed 15296K, reserved 1064960K
  class space    used 1922K, committed 2048K, reserved 1048576K
}
Event: 10.364 GC heap before
{Heap before GC invocations=5 (full 0):
 garbage-first heap   total 253952K, used 134011K [0x0000000709400000, 0x0000000800000000)
  region size 2048K, 4 young (8192K), 3 survivors (6144K)
 Metaspace       used 15048K, committed 15296K, reserved 1064960K
  class space    used 1922K, committed 2048K, reserved 1048576K
}
Event: 10.366 GC heap after
{Heap after GC invocations=6 (full 0):
 garbage-first heap   total 253952K, used 133982K [0x0000000709400000, 0x0000000800000000)
  region size 2048K, 1 young (2048K), 1 survivors (2048K)
 Metaspace       used 15048K, committed 15296K, reserved 1064960K
  class space    used 1922K, committed 2048K, reserved 1048576K
}
Event: 11.115 GC heap before
{Heap before GC invocations=7 (full 0):
 garbage-first heap   total 253952K, used 121694K [0x0000000709400000, 0x0000000800000000)
  region size 2048K, 3 young (6144K), 1 survivors (2048K)
 Metaspace       used 15048K, committed 15296K, reserved 1064960K
  class space    used 1922K, committed 2048K, reserved 1048576K
}
Event: 11.116 GC heap after
{Heap after GC invocations=8 (full 0):
 garbage-first heap   total 253952K, used 120414K [0x0000000709400000, 0x0000000800000000)
  region size 2048K, 1 young (2048K), 1 survivors (2048K)
 Metaspace       used 15048K, committed 15296K, reserved 1064960K
  class space    used 1922K, committed 2048K, reserved 1048576K
}
Event: 11.890 GC heap before
{Heap before GC invocations=9 (full 0):
 garbage-first heap   total 253952K, used 118366K [0x0000000709400000, 0x0000000800000000)
  region size 2048K, 4 young (8192K), 1 survivors (2048K)
 Metaspace       used 15048K, committed 15296K, reserved 1064960K
  class space    used 1922K, committed 2048K, reserved 1048576K
}
Event: 11.891 GC heap after
{Heap after GC invocations=10 (full 0):
 garbage-first heap   total 253952K, used 112787K [0x0000000709400000, 0x0000000800000000)
  region size 2048K, 1 young (2048K), 1 survivors (2048K)
 Metaspace       used 15048K, committed 15296K, reserved 1064960K
  class space    used 1922K, committed 2048K, reserved 1048576K
}
Event: 11.893 GC heap before
{Heap before GC invocations=10 (full 0):
 garbage-first heap   total 253952K, used 114835K [0x0000000709400000, 0x0000000800000000)
  region size 2048K, 2 young (4096K), 1 survivors (2048K)
 Metaspace       used 15048K, committed 15296K, reserved 1064960K
  class space    used 1922K, committed 2048K, reserved 1048576K
}
Event: 11.894 GC heap after
{Heap after GC invocations=11 (full 0):
 garbage-first heap   total 253952K, used 114829K [0x0000000709400000, 0x0000000800000000)
  region size 2048K, 1 young (2048K), 1 survivors (2048K)
 Metaspace       used 15048K, committed 15296K, reserved 1064960K
  class space    used 1922K, committed 2048K, reserved 1048576K
}
Event: 12.650 GC heap before
{Heap before GC invocations=12 (full 0):
 garbage-first heap   total 253952K, used 125069K [0x0000000709400000, 0x0000000800000000)
  region size 2048K, 4 young (8192K), 1 survivors (2048K)
 Metaspace       used 15054K, committed 15296K, reserved 1064960K
  class space    used 1922K, committed 2048K, reserved 1048576K
}

Deoptimization events (20 events):
Event: 9.959 Thread 0x0000021c41c863a0 DEOPT PACKING pc=0x0000021c2cdd1d14 sp=0x000000a004cfe030
Event: 9.959 Thread 0x0000021c41c863a0 DEOPT UNPACKING pc=0x0000021c250ad72e sp=0x000000a004cfdf30 mode 2
Event: 10.037 Thread 0x0000021c41c863a0 Uncommon trap: trap_request=0xffffff45 fr.pc=0x0000021c2cd8ad54 relative=0x00000000000000b4
Event: 10.037 Thread 0x0000021c41c863a0 Uncommon trap: reason=unstable_if action=reinterpret pc=0x0000021c2cd8ad54 method=com.sun.prism.d3d.D3DTextureResource.isValid()Z @ 4 c2
Event: 10.037 Thread 0x0000021c41c863a0 DEOPT PACKING pc=0x0000021c2cd8ad54 sp=0x000000a004cfdf70
Event: 10.037 Thread 0x0000021c41c863a0 DEOPT UNPACKING pc=0x0000021c250ad72e sp=0x000000a004cfdea8 mode 2
Event: 10.135 Thread 0x0000021c41c863a0 Uncommon trap: trap_request=0xffffff45 fr.pc=0x0000021c2cd64f48 relative=0x00000000000000a8
Event: 10.135 Thread 0x0000021c41c863a0 Uncommon trap: reason=unstable_if action=reinterpret pc=0x0000021c2cd64f48 method=com.sun.prism.d3d.D3DTextureResource.isValid()Z @ 4 c2
Event: 10.135 Thread 0x0000021c41c863a0 DEOPT PACKING pc=0x0000021c2cd64f48 sp=0x000000a004cfde30
Event: 10.135 Thread 0x0000021c41c863a0 DEOPT UNPACKING pc=0x0000021c250ad72e sp=0x000000a004cfddc8 mode 2
Event: 10.391 Thread 0x0000021c41c863a0 Uncommon trap: trap_request=0xffffff45 fr.pc=0x0000021c2cd8fed4 relative=0x0000000000000414
Event: 10.391 Thread 0x0000021c41c863a0 Uncommon trap: reason=unstable_if action=reinterpret pc=0x0000021c2cd8fed4 method=java.util.WeakHashMap.expungeStaleEntries()V @ 9 c2
Event: 10.391 Thread 0x0000021c41c863a0 DEOPT PACKING pc=0x0000021c2cd8fed4 sp=0x000000a004cfde20
Event: 10.391 Thread 0x0000021c41c863a0 DEOPT UNPACKING pc=0x0000021c250ad72e sp=0x000000a004cfdcd8 mode 2
Event: 11.130 Thread 0x0000021c41c863a0 Uncommon trap: trap_request=0xffffff45 fr.pc=0x0000021c2cd1c8d0 relative=0x00000000000002b0
Event: 11.130 Thread 0x0000021c41c863a0 Uncommon trap: reason=unstable_if action=reinterpret pc=0x0000021c2cd1c8d0 method=java.util.WeakHashMap.expungeStaleEntries()V @ 9 c2
Event: 11.130 Thread 0x0000021c41c863a0 DEOPT PACKING pc=0x0000021c2cd1c8d0 sp=0x000000a004cfdda0
Event: 11.130 Thread 0x0000021c41c863a0 DEOPT UNPACKING pc=0x0000021c250ad72e sp=0x000000a004cfdd38 mode 2
Event: 11.862 Thread 0x0000021c41c863a0 DEOPT PACKING pc=0x0000021c25de478f sp=0x000000a004cfe190
Event: 11.862 Thread 0x0000021c41c863a0 DEOPT UNPACKING pc=0x0000021c250adece sp=0x000000a004cfd850 mode 0

Classes unloaded (0 events):
No events

Classes redefined (0 events):
No events

Internal exceptions (20 events):
Event: 1.245 Thread 0x0000021c421ac260 Exception <a 'java/lang/IncompatibleClassChangeError'{0x0000000716ee6448}: Found class java.lang.Object, but interface was expected> (0x0000000716ee6448) 
thrown [t:\workspace\open\src\hotspot\share\interpreter\linkResolver.cpp, line 857]
Event: 1.301 Thread 0x0000021c421ac260 Exception <a 'java/lang/NoSuchMethodError'{0x0000000716cc6930}: 'java.lang.Object java.lang.invoke.DirectMethodHandle$Holder.newInvokeSpecial(java.lang.Object, java.lang.Object, int)'> (0x0000000716cc6930) 
thrown [t:\workspace\open\src\hotspot\share\interpreter\linkResolver.cpp, line 790]
Event: 1.326 Thread 0x0000021c41c863a0 Exception <a 'java/lang/NoSuchMethodError'{0x0000000716a1a390}: 'int java.lang.invoke.DirectMethodHandle$Holder.invokeStaticInit(java.lang.Object, java.lang.Object)'> (0x0000000716a1a390) 
thrown [t:\workspace\open\src\hotspot\share\interpreter\linkResolver.cpp, line 790]
Event: 1.372 Thread 0x0000021c41c863a0 Exception <a 'java/lang/NoSuchMethodError'{0x000000071697c5e8}: 'java.lang.Object java.lang.invoke.DirectMethodHandle$Holder.invokeStaticInit(java.lang.Object, int)'> (0x000000071697c5e8) 
thrown [t:\workspace\open\src\hotspot\share\interpreter\linkResolver.cpp, line 790]
Event: 2.059 Thread 0x0000021c421ac260 Exception <a 'java/lang/NoSuchMethodError'{0x00000007166f86f8}: 'long java.lang.invoke.DirectMethodHandle$Holder.invokeStatic(java.lang.Object, java.lang.Object, java.lang.Object)'> (0x00000007166f86f8) 
thrown [t:\workspace\open\src\hotspot\share\interpreter\linkResolver.cpp, line 790]
Event: 2.060 Thread 0x0000021c421ac260 Exception <a 'java/lang/NoSuchMethodError'{0x00000007166fc0a8}: 'long java.lang.invoke.DirectMethodHandle$Holder.invokeStaticInit(java.lang.Object, java.lang.Object, java.lang.Object)'> (0x00000007166fc0a8) 
thrown [t:\workspace\open\src\hotspot\share\interpreter\linkResolver.cpp, line 790]
Event: 2.061 Thread 0x0000021c421ac260 Exception <a 'java/lang/NoSuchMethodError'{0x0000000716713fc8}: 'java.lang.Object java.lang.invoke.DirectMethodHandle$Holder.newInvokeSpecial(java.lang.Object, java.lang.Object, long)'> (0x0000000716713fc8) 
thrown [t:\workspace\open\src\hotspot\share\interpreter\linkResolver.cpp, line 790]
Event: 2.061 Thread 0x0000021c421ac260 Exception <a 'java/lang/NoSuchMethodError'{0x0000000716717d38}: 'java.lang.Object java.lang.invoke.Invokers$Holder.linkToTargetMethod(java.lang.Object, long, java.lang.Object)'> (0x0000000716717d38) 
thrown [t:\workspace\open\src\hotspot\share\interpreter\linkResolver.cpp, line 790]
Event: 2.109 Thread 0x0000021c421ac260 Exception <a 'java/lang/NoSuchMethodError'{0x0000000716724b28}: 'java.lang.Object java.lang.invoke.DirectMethodHandle$Holder.newInvokeSpecial(java.lang.Object, java.lang.Object, int, int, int, int, int, java.lang.Object)'> (0x0000000716724b28) 
thrown [t:\workspace\open\src\hotspot\share\interpreter\linkResolver.cpp, line 790]
Event: 2.111 Thread 0x0000021c421ac260 Exception <a 'java/lang/NoSuchMethodError'{0x00000007167384e8}: 'java.lang.Object java.lang.invoke.DirectMethodHandle$Holder.newInvokeSpecial(java.lang.Object, java.lang.Object, java.lang.Object, int, int, int, int, int)'> (0x00000007167384e8) 
thrown [t:\workspace\open\src\hotspot\share\interpreter\linkResolver.cpp, line 790]
Event: 2.111 Thread 0x0000021c421ac260 Exception <a 'java/lang/NoSuchMethodError'{0x0000000716740058}: 'java.lang.Object java.lang.invoke.Invokers$Holder.linkToTargetMethod(java.lang.Object, java.lang.Object, int, int, int, int, int, java.lang.Object)'> (0x0000000716740058) 
thrown [t:\workspace\open\src\hotspot\share\interpreter\linkResolver.cpp, line 790]
Event: 3.546 Thread 0x0000021c421ac260 Exception <a 'java/lang/ArrayIndexOutOfBoundsException'{0x00000007169cd360}: Index 4096 out of bounds for length 4096> (0x00000007169cd360) 
thrown [t:\workspace\open\src\hotspot\share\interpreter\interpreterRuntime.cpp, line 425]
Event: 3.590 Thread 0x0000021c421ac260 Exception <a 'java/lang/ArrayIndexOutOfBoundsException'{0x0000000715764e00}: Index 4096 out of bounds for length 4096> (0x0000000715764e00) 
thrown [t:\workspace\open\src\hotspot\share\interpreter\interpreterRuntime.cpp, line 425]
Event: 3.670 Thread 0x0000021c421ac260 Exception <a 'java/lang/ClassNotFoundException'{0x00000007150e4930}: com/sun/javafx/scene/control/skin/resources/controls> (0x00000007150e4930) 
thrown [t:\workspace\open\src\hotspot\share\prims\jni.cpp, line 600]
Event: 3.671 Thread 0x0000021c421ac260 Exception <a 'java/lang/ClassNotFoundException'{0x00000007150f23f8}: com/sun/javafx/scene/control/skin/resources/controls_en> (0x00000007150f23f8) 
thrown [t:\workspace\open\src\hotspot\share\prims\jni.cpp, line 600]
Event: 3.671 Thread 0x0000021c421ac260 Exception <a 'java/lang/ClassNotFoundException'{0x00000007150f3a10}: com/sun/javafx/scene/control/skin/resources/controls_en_US> (0x00000007150f3a10) 
thrown [t:\workspace\open\src\hotspot\share\prims\jni.cpp, line 600]
Event: 6.204 Thread 0x0000021c421ac260 Exception <a 'java/lang/ArrayIndexOutOfBoundsException'{0x000000071426ffe8}: Index 4096 out of bounds for length 4096> (0x000000071426ffe8) 
thrown [t:\workspace\open\src\hotspot\share\interpreter\interpreterRuntime.cpp, line 425]
Event: 9.959 Thread 0x0000021c41c863a0 Implicit null exception at 0x0000021c2cdcdec6 to 0x0000021c2cdd1cf4
Event: 10.037 Thread 0x0000021c41c863a0 Implicit null exception at 0x0000021c2cd8acd5 to 0x0000021c2cd8ad40
Event: 10.135 Thread 0x0000021c41c863a0 Implicit null exception at 0x0000021c2cd64ed0 to 0x0000021c2cd64f34

Events (20 events):
Event: 10.372 Executing  VM operation: G1Concurrent done
Event: 10.374 Executing  VM operation: G1Concurrent
Event: 10.374 Executing  VM operation: G1Concurrent done
Event: 11.115 Executing  VM operation: G1TryInitiateConcMark
Event: 11.116 Executing  VM operation: G1TryInitiateConcMark done
Event: 11.116 Thread 0x0000021c41988f20 Thread exited: 0x0000021c41988f20
Event: 11.116 Thread 0x0000021c4192d480 Thread exited: 0x0000021c4192d480
Event: 11.120 Executing  VM operation: G1Concurrent
Event: 11.121 Executing  VM operation: G1Concurrent done
Event: 11.123 Executing  VM operation: G1Concurrent
Event: 11.123 Executing  VM operation: G1Concurrent done
Event: 11.890 Executing  VM operation: G1TryInitiateConcMark
Event: 11.891 Executing  VM operation: G1TryInitiateConcMark done
Event: 11.893 Executing  VM operation: G1TryInitiateConcMark
Event: 11.894 Executing  VM operation: G1TryInitiateConcMark done
Event: 11.898 Executing  VM operation: G1Concurrent
Event: 11.900 Executing  VM operation: G1Concurrent done
Event: 11.902 Executing  VM operation: G1Concurrent
Event: 11.902 Executing  VM operation: G1Concurrent done
Event: 12.650 Executing  VM operation: G1TryInitiateConcMark


Dynamic libraries:
0x00007ff7a4630000 - 0x00007ff7a4640000 	C:\Program Files\Java\jdk-16.0.2\bin\javaw.exe
0x00007ffd592b0000 - 0x00007ffd594a5000 	C:\WINDOWS\SYSTEM32\ntdll.dll
0x00007ffd590f0000 - 0x00007ffd591ae000 	C:\WINDOWS\System32\KERNEL32.DLL
0x00007ffd56b70000 - 0x00007ffd56e38000 	C:\WINDOWS\System32\KERNELBASE.dll
0x00007ffd56e40000 - 0x00007ffd56f40000 	C:\WINDOWS\System32\ucrtbase.dll
0x00007ffd37440000 - 0x00007ffd37459000 	C:\Program Files\Java\jdk-16.0.2\bin\VCRUNTIME140.dll
0x00007ffd37420000 - 0x00007ffd37438000 	C:\Program Files\Java\jdk-16.0.2\bin\jli.dll
0x00007ffd573d0000 - 0x00007ffd5747c000 	C:\WINDOWS\System32\ADVAPI32.dll
0x00007ffd58500000 - 0x00007ffd5859e000 	C:\WINDOWS\System32\msvcrt.dll
0x00007ffd587c0000 - 0x00007ffd5885b000 	C:\WINDOWS\System32\sechost.dll
0x00007ffd58690000 - 0x00007ffd587ba000 	C:\WINDOWS\System32\RPCRT4.dll
0x00007ffd58350000 - 0x00007ffd584f1000 	C:\WINDOWS\System32\USER32.dll
0x00007ffd57220000 - 0x00007ffd57242000 	C:\WINDOWS\System32\win32u.dll
0x00007ffd408e0000 - 0x00007ffd40b7a000 	C:\WINDOWS\WinSxS\amd64_microsoft.windows.common-controls_6595b64144ccf1df_6.0.19041.1110_none_60b5254171f9507e\COMCTL32.dll
0x00007ffd58060000 - 0x00007ffd5808b000 	C:\WINDOWS\System32\GDI32.dll
0x00007ffd569d0000 - 0x00007ffd56adb000 	C:\WINDOWS\System32\gdi32full.dll
0x00007ffd56fd0000 - 0x00007ffd5706d000 	C:\WINDOWS\System32\msvcp_win.dll
0x00007ffd4fc00000 - 0x00007ffd4fc0a000 	C:\WINDOWS\SYSTEM32\VERSION.dll
0x00007ffd590b0000 - 0x00007ffd590e0000 	C:\WINDOWS\System32\IMM32.DLL
0x00007ffd3e780000 - 0x00007ffd3e78c000 	C:\Program Files\Java\jdk-16.0.2\bin\vcruntime140_1.dll
0x00007ffd35c70000 - 0x00007ffd35d01000 	C:\Program Files\Java\jdk-16.0.2\bin\msvcp140.dll
0x00007ffc78b70000 - 0x00007ffc7971b000 	C:\Program Files\Java\jdk-16.0.2\bin\server\jvm.dll
0x00007ffd590a0000 - 0x00007ffd590a8000 	C:\WINDOWS\System32\PSAPI.DLL
0x00007ffd54630000 - 0x00007ffd54657000 	C:\WINDOWS\SYSTEM32\WINMM.dll
0x00007ffd47790000 - 0x00007ffd47799000 	C:\WINDOWS\SYSTEM32\WSOCK32.dll
0x00007ffd58860000 - 0x00007ffd588cb000 	C:\WINDOWS\System32\WS2_32.dll
0x00007ffd54920000 - 0x00007ffd54932000 	C:\WINDOWS\SYSTEM32\kernel.appcore.dll
0x00007ffd52350000 - 0x00007ffd5235a000 	C:\Program Files\Java\jdk-16.0.2\bin\jimage.dll
0x00007ffd54370000 - 0x00007ffd54554000 	C:\WINDOWS\SYSTEM32\DBGHELP.DLL
0x00007ffd54150000 - 0x00007ffd5417c000 	C:\WINDOWS\SYSTEM32\dbgcore.DLL
0x00007ffd56ae0000 - 0x00007ffd56b63000 	C:\WINDOWS\System32\bcryptPrimitives.dll
0x00007ffd47960000 - 0x00007ffd47985000 	C:\Program Files\Java\jdk-16.0.2\bin\java.dll
0x00007ffd574a0000 - 0x00007ffd57bdf000 	C:\WINDOWS\System32\SHELL32.dll
0x00007ffd54a90000 - 0x00007ffd55220000 	C:\WINDOWS\SYSTEM32\windows.storage.dll
0x00007ffd58cb0000 - 0x00007ffd59005000 	C:\WINDOWS\System32\combase.dll
0x00007ffd56350000 - 0x00007ffd5637e000 	C:\WINDOWS\SYSTEM32\Wldp.dll
0x00007ffd582a0000 - 0x00007ffd5834d000 	C:\WINDOWS\System32\SHCORE.dll
0x00007ffd58090000 - 0x00007ffd580e5000 	C:\WINDOWS\System32\shlwapi.dll
0x00007ffd56910000 - 0x00007ffd5692f000 	C:\WINDOWS\SYSTEM32\profapi.dll
0x00007ffd51260000 - 0x00007ffd51279000 	C:\Program Files\Java\jdk-16.0.2\bin\net.dll
0x00007ffd4fed0000 - 0x00007ffd4ffdc000 	C:\WINDOWS\SYSTEM32\WINHTTP.dll
0x00007ffd56050000 - 0x00007ffd560ba000 	C:\WINDOWS\system32\mswsock.dll
0x00007ffd4ae10000 - 0x00007ffd4ae23000 	C:\Program Files\Java\jdk-16.0.2\bin\nio.dll
0x00007ffd48fa0000 - 0x00007ffd48fb8000 	C:\Program Files\Java\jdk-16.0.2\bin\zip.dll
0x0000021c1d820000 - 0x0000021c1d823000 	C:\Program Files\Java\javafx-sdk-15\bin\api-ms-win-core-console-l1-1-0.dll
0x0000021c1d830000 - 0x0000021c1d833000 	C:\Program Files\Java\javafx-sdk-15\bin\api-ms-win-core-console-l1-2-0.dll
0x0000021c1d840000 - 0x0000021c1d843000 	C:\Program Files\Java\javafx-sdk-15\bin\api-ms-win-core-datetime-l1-1-0.dll
0x0000021c1d850000 - 0x0000021c1d853000 	C:\Program Files\Java\javafx-sdk-15\bin\api-ms-win-core-debug-l1-1-0.dll
0x0000021c1d860000 - 0x0000021c1d863000 	C:\Program Files\Java\javafx-sdk-15\bin\api-ms-win-core-errorhandling-l1-1-0.dll
0x0000021c1d870000 - 0x0000021c1d874000 	C:\Program Files\Java\javafx-sdk-15\bin\api-ms-win-core-file-l1-1-0.dll
0x0000021c1d880000 - 0x0000021c1d883000 	C:\Program Files\Java\javafx-sdk-15\bin\api-ms-win-core-file-l1-2-0.dll
0x0000021c1d890000 - 0x0000021c1d893000 	C:\Program Files\Java\javafx-sdk-15\bin\api-ms-win-core-file-l2-1-0.dll
0x0000021c1d8a0000 - 0x0000021c1d8a3000 	C:\Program Files\Java\javafx-sdk-15\bin\api-ms-win-core-handle-l1-1-0.dll
0x0000021c1d8b0000 - 0x0000021c1d8b3000 	C:\Program Files\Java\javafx-sdk-15\bin\api-ms-win-core-heap-l1-1-0.dll
0x0000021c40d10000 - 0x0000021c40d13000 	C:\Program Files\Java\javafx-sdk-15\bin\api-ms-win-core-interlocked-l1-1-0.dll
0x0000021c40d20000 - 0x0000021c40d23000 	C:\Program Files\Java\javafx-sdk-15\bin\api-ms-win-core-libraryloader-l1-1-0.dll
0x0000021c40d30000 - 0x0000021c40d33000 	C:\Program Files\Java\javafx-sdk-15\bin\api-ms-win-core-localization-l1-2-0.dll
0x0000021c40d40000 - 0x0000021c40d43000 	C:\Program Files\Java\javafx-sdk-15\bin\api-ms-win-core-memory-l1-1-0.dll
0x0000021c40d50000 - 0x0000021c40d53000 	C:\Program Files\Java\javafx-sdk-15\bin\api-ms-win-core-namedpipe-l1-1-0.dll
0x0000021c40d60000 - 0x0000021c40d63000 	C:\Program Files\Java\javafx-sdk-15\bin\api-ms-win-core-processenvironment-l1-1-0.dll
0x0000021c40d70000 - 0x0000021c40d73000 	C:\Program Files\Java\javafx-sdk-15\bin\api-ms-win-core-processthreads-l1-1-0.dll
0x0000021c40d80000 - 0x0000021c40d83000 	C:\Program Files\Java\javafx-sdk-15\bin\api-ms-win-core-processthreads-l1-1-1.dll
0x0000021c40d90000 - 0x0000021c40d93000 	C:\Program Files\Java\javafx-sdk-15\bin\api-ms-win-core-profile-l1-1-0.dll
0x0000021c40da0000 - 0x0000021c40da3000 	C:\Program Files\Java\javafx-sdk-15\bin\api-ms-win-core-rtlsupport-l1-1-0.dll
0x0000021c40db0000 - 0x0000021c40db3000 	C:\Program Files\Java\javafx-sdk-15\bin\api-ms-win-core-string-l1-1-0.dll
0x0000021c40dc0000 - 0x0000021c40dc3000 	C:\Program Files\Java\javafx-sdk-15\bin\api-ms-win-core-synch-l1-1-0.dll
0x0000021c40dd0000 - 0x0000021c40dd3000 	C:\Program Files\Java\javafx-sdk-15\bin\api-ms-win-core-synch-l1-2-0.dll
0x0000021c40de0000 - 0x0000021c40de3000 	C:\Program Files\Java\javafx-sdk-15\bin\api-ms-win-core-sysinfo-l1-1-0.dll
0x0000021c40df0000 - 0x0000021c40df3000 	C:\Program Files\Java\javafx-sdk-15\bin\api-ms-win-core-timezone-l1-1-0.dll
0x0000021c40e00000 - 0x0000021c40e03000 	C:\Program Files\Java\javafx-sdk-15\bin\api-ms-win-core-util-l1-1-0.dll
0x0000021c40e10000 - 0x0000021c40e13000 	C:\Program Files\Java\javafx-sdk-15\bin\api-ms-win-crt-conio-l1-1-0.dll
0x0000021c40e20000 - 0x0000021c40e24000 	C:\Program Files\Java\javafx-sdk-15\bin\api-ms-win-crt-convert-l1-1-0.dll
0x0000021c40e30000 - 0x0000021c40e33000 	C:\Program Files\Java\javafx-sdk-15\bin\api-ms-win-crt-environment-l1-1-0.dll
0x0000021c40e40000 - 0x0000021c40e43000 	C:\Program Files\Java\javafx-sdk-15\bin\api-ms-win-crt-filesystem-l1-1-0.dll
0x0000021c40e50000 - 0x0000021c40e53000 	C:\Program Files\Java\javafx-sdk-15\bin\api-ms-win-crt-heap-l1-1-0.dll
0x0000021c40e60000 - 0x0000021c40e63000 	C:\Program Files\Java\javafx-sdk-15\bin\api-ms-win-crt-locale-l1-1-0.dll
0x0000021c40e70000 - 0x0000021c40e75000 	C:\Program Files\Java\javafx-sdk-15\bin\api-ms-win-crt-math-l1-1-0.dll
0x0000021c40e80000 - 0x0000021c40e85000 	C:\Program Files\Java\javafx-sdk-15\bin\api-ms-win-crt-multibyte-l1-1-0.dll
0x0000021c40e90000 - 0x0000021c40ea0000 	C:\Program Files\Java\javafx-sdk-15\bin\api-ms-win-crt-private-l1-1-0.dll
0x0000021c40ea0000 - 0x0000021c40ea3000 	C:\Program Files\Java\javafx-sdk-15\bin\api-ms-win-crt-process-l1-1-0.dll
0x0000021c40eb0000 - 0x0000021c40eb4000 	C:\Program Files\Java\javafx-sdk-15\bin\api-ms-win-crt-runtime-l1-1-0.dll
0x0000021c40ec0000 - 0x0000021c40ec4000 	C:\Program Files\Java\javafx-sdk-15\bin\api-ms-win-crt-stdio-l1-1-0.dll
0x0000021c40ed0000 - 0x0000021c40ed4000 	C:\Program Files\Java\javafx-sdk-15\bin\api-ms-win-crt-string-l1-1-0.dll
0x0000021c40ee0000 - 0x0000021c40ee3000 	C:\Program Files\Java\javafx-sdk-15\bin\api-ms-win-crt-time-l1-1-0.dll
0x0000021c40ef0000 - 0x0000021c40ef3000 	C:\Program Files\Java\javafx-sdk-15\bin\api-ms-win-crt-utility-l1-1-0.dll
0x00007ffd29ea0000 - 0x00007ffd29f9c000 	C:\Program Files\Java\javafx-sdk-15\bin\ucrtbase.dll
0x00007ffd37170000 - 0x00007ffd37185000 	C:\Program Files\Java\javafx-sdk-15\bin\vcruntime140.dll
0x00007ffd2eeb0000 - 0x00007ffd2ef4b000 	C:\Program Files\Java\javafx-sdk-15\bin\msvcp140.dll
0x00007ffd37140000 - 0x00007ffd37163000 	C:\Program Files\Java\javafx-sdk-15\bin\prism_d3d.dll
0x00007ffd486f0000 - 0x00007ffd488be000 	C:\WINDOWS\system32\d3d9.dll
0x00007ffd54120000 - 0x00007ffd5414f000 	C:\WINDOWS\SYSTEM32\dwmapi.dll
0x00007ffd53e70000 - 0x00007ffd53f0e000 	C:\WINDOWS\system32\uxtheme.dll
0x00007ffd43a70000 - 0x00007ffd43c4b000 	C:\WINDOWS\System32\DriverStore\FileRepository\u0357310.inf_amd64_d2d3437d81de3325\B356358\aticfx64.dll
0x00007ffd4a8d0000 - 0x00007ffd4a903000 	C:\WINDOWS\System32\DriverStore\FileRepository\u0357310.inf_amd64_d2d3437d81de3325\B356358\atiu9p64.dll
0x00007ffd0ea70000 - 0x00007ffd0f706000 	C:\WINDOWS\System32\DriverStore\FileRepository\u0357310.inf_amd64_d2d3437d81de3325\B356358\atiumd64.dll
0x00007ffd58a60000 - 0x00007ffd58b8a000 	C:\WINDOWS\System32\ole32.dll
0x0000000052490000 - 0x000000005330d000 	C:\WINDOWS\System32\DriverStore\FileRepository\u0357310.inf_amd64_d2d3437d81de3325\B356358\atiumd6a.dll
0x00007ffd56790000 - 0x00007ffd567db000 	C:\WINDOWS\SYSTEM32\POWRPROF.dll
0x00007ffd56770000 - 0x00007ffd56782000 	C:\WINDOWS\SYSTEM32\UMPDC.dll
0x00007ffd3fe40000 - 0x00007ffd3fe6f000 	C:\WINDOWS\SYSTEM32\amdihk64.dll
0x00007ffd36440000 - 0x00007ffd36485000 	C:\Program Files\Java\javafx-sdk-15\bin\glass.dll
0x00007ffd58980000 - 0x00007ffd58a5a000 	C:\WINDOWS\System32\COMDLG32.dll
0x00007ffd57300000 - 0x00007ffd573cd000 	C:\WINDOWS\System32\OLEAUT32.dll
0x00007ffd58b90000 - 0x00007ffd58ca5000 	C:\WINDOWS\System32\MSCTF.dll
0x00007ffd46eb0000 - 0x00007ffd46eeb000 	C:\WINDOWS\SYSTEM32\dxcore.dll
0x00007ffd57070000 - 0x00007ffd570be000 	C:\WINDOWS\System32\cfgmgr32.dll
0x00007ffd37120000 - 0x00007ffd37134000 	C:\Program Files\Java\javafx-sdk-15\bin\javafx_font.dll
0x00007ffd3a900000 - 0x00007ffd3ab83000 	C:\WINDOWS\SYSTEM32\dwrite.dll
0x00007ffd56260000 - 0x00007ffd56278000 	C:\WINDOWS\SYSTEM32\CRYPTSP.dll
0x00007ffd559f0000 - 0x00007ffd55a24000 	C:\WINDOWS\system32\rsaenh.dll
0x00007ffd56f40000 - 0x00007ffd56f67000 	C:\WINDOWS\System32\bcrypt.dll
0x00007ffd56890000 - 0x00007ffd568be000 	C:\WINDOWS\SYSTEM32\USERENV.dll
0x00007ffd56250000 - 0x00007ffd5625c000 	C:\WINDOWS\SYSTEM32\CRYPTBASE.dll
0x00007ffd55d60000 - 0x00007ffd55d9b000 	C:\WINDOWS\SYSTEM32\IPHLPAPI.DLL
0x00007ffd590e0000 - 0x00007ffd590e8000 	C:\WINDOWS\System32\NSI.dll
0x00007ffd4fd70000 - 0x00007ffd4fd87000 	C:\WINDOWS\SYSTEM32\dhcpcsvc6.DLL
0x00007ffd4fe40000 - 0x00007ffd4fe5d000 	C:\WINDOWS\SYSTEM32\dhcpcsvc.DLL
0x00007ffd55da0000 - 0x00007ffd55e6b000 	C:\WINDOWS\SYSTEM32\DNSAPI.dll
0x00007ffd588d0000 - 0x00007ffd58979000 	C:\WINDOWS\System32\clbcatq.dll
0x00007ffd49d60000 - 0x00007ffd49f14000 	C:\WINDOWS\SYSTEM32\WindowsCodecs.dll
0x00007ffd49450000 - 0x00007ffd4948e000 	C:\WINDOWS\system32\dataexchange.dll
0x00007ffd531a0000 - 0x00007ffd53385000 	C:\WINDOWS\system32\dcomp.dll
0x00007ffd527e0000 - 0x00007ffd52a44000 	C:\WINDOWS\system32\d3d11.dll
0x00007ffd55280000 - 0x00007ffd55374000 	C:\WINDOWS\system32\dxgi.dll
0x00007ffd4a100000 - 0x00007ffd4a301000 	C:\WINDOWS\system32\twinapi.appcore.dll
0x00007ffd4a890000 - 0x00007ffd4a8c4000 	C:\Program Files\Common Files\Microsoft Shared\Ink\rtscom.dll
0x00007ffd4a470000 - 0x00007ffd4a569000 	C:\WINDOWS\SYSTEM32\textinputframework.dll
0x00007ffd53710000 - 0x00007ffd53a6e000 	C:\WINDOWS\System32\CoreUIComponents.dll

dbghelp: loaded successfully - version: 4.0.5 - missing functions: none
symbol engine: initialized successfully - sym options: 0x614 - pdb path: .;C:\Program Files\Java\jdk-16.0.2\bin;C:\WINDOWS\SYSTEM32;C:\WINDOWS\WinSxS\amd64_microsoft.windows.common-controls_6595b64144ccf1df_6.0.19041.1110_none_60b5254171f9507e;C:\Program Files\Java\jdk-16.0.2\bin\server;C:\Program Files\Java\javafx-sdk-15\bin;C:\WINDOWS\System32\DriverStore\FileRepository\u0357310.inf_amd64_d2d3437d81de3325\B356358;C:\Program Files\Common Files\Microsoft Shared\Ink

VM Arguments:
jvm_args: --module-path=C:\Program Files\Java\javafx-sdk-15\lib --add-modules=javafx.controls,javafx.graphics,javafx.media,javafx.fxml -Dfile.encoding=Cp1252 -XX:+ShowCodeDetailsInExceptionMessages 
java_command: Main
java_class_path (initial): C:\Users\bbom\eclipse-workspace\project-2021-1-platformer2134\bin
Launcher Type: SUN_STANDARD

[Global flags]
     intx CICompilerCount                          = 12                                        {product} {ergonomic}
     uint ConcGCThreads                            = 3                                         {product} {ergonomic}
     uint G1ConcRefinementThreads                  = 13                                        {product} {ergonomic}
   size_t G1HeapRegionSize                         = 2097152                                   {product} {ergonomic}
    uintx GCDrainStackTargetSize                   = 64                                        {product} {ergonomic}
   size_t InitialHeapSize                          = 260046848                                 {product} {ergonomic}
   size_t MarkStackSize                            = 4194304                                   {product} {ergonomic}
   size_t MaxHeapSize                              = 4139778048                                {product} {ergonomic}
   size_t MaxNewSize                               = 2483027968                                {product} {ergonomic}
   size_t MinHeapDeltaBytes                        = 2097152                                   {product} {ergonomic}
   size_t MinHeapSize                              = 8388608                                   {product} {ergonomic}
    uintx NonNMethodCodeHeapSize                   = 7602480                                {pd product} {ergonomic}
    uintx NonProfiledCodeHeapSize                  = 122027880                              {pd product} {ergonomic}
    uintx ProfiledCodeHeapSize                     = 122027880                              {pd product} {ergonomic}
    uintx ReservedCodeCacheSize                    = 251658240                              {pd product} {ergonomic}
     bool SegmentedCodeCache                       = true                                      {product} {ergonomic}
     bool ShowCodeDetailsInExceptionMessages       = true                                   {manageable} {command line}
   size_t SoftMaxHeapSize                          = 4139778048                             {manageable} {ergonomic}
     bool UseCompressedClassPointers               = true                           {product lp64_product} {ergonomic}
     bool UseCompressedOops                        = true                           {product lp64_product} {ergonomic}
     bool UseG1GC                                  = true                                      {product} {ergonomic}
     bool UseLargePagesIndividualAllocation        = false                                  {pd product} {ergonomic}

Logging:
Log output configuration:
 #0: stdout all=warning uptime,level,tags
 #1: stderr all=off uptime,level,tags

Environment Variables:
PATH=C:/Program Files/Java/jdk-16.0.2/bin/server;C:/Program Files/Java/jdk-16.0.2/bin;C:\Program Files\Common Files\Oracle\Java\javapath;C:\Windows\system32;C:\Windows;C:\Windows\System32\Wbem;C:\Windows\System32\WindowsPowerShell\v1.0\;C:\Windows\System32\OpenSSH\;C:\Program Files (x86)\NVIDIA Corporation\PhysX\Common;C:\Program Files\dotnet\;C:\Program Files\Microsoft SQL Server\130\Tools\Binn\;C:\Program Files\Microsoft SQL Server\Client SDK\ODBC\170\Tools\Binn\;C:\Program Files\nodejs\;C:\Program Files (x86)\Yarn\bin\;C:\Program Files\Git\cmd;C:\WINDOWS\system32;C:\WINDOWS;C:\WINDOWS\System32\Wbem;C:\WINDOWS\System32\WindowsPowerShell\v1.0\;C:\WINDOWS\System32\OpenSSH\;C:\Program Files\NVIDIA Corporation\NVIDIA NvDLISR;C:\Users\bbom\OneDrive\Desktop\Intania\ffmpeg-n4.4-80-gbf87bdd3f6-win64-gpl-4.4\ffmpeg-n4.4-80-gbf87bdd3f6-win64-gpl-4.4\bin;C:\Users\bbom\AppData\Local\Programs\Python\Python38-32\Scripts\;C:\Users\bbom\AppData\Local\Programs\Python\Python38-32\;C:\Users\bbom\AppData\Local\Microsoft\WindowsApps;C:\Users\bbom\.dotnet\tools;C:\Users\bbom\AppData\Local\Programs\Microsoft VS Code\bin;C:\Users\bbom\AppData\Roaming\npm;C:\Program Files\MongoDB\Server\4.4\bin;C:\Program Files\heroku\bin;C:\Program Files\PostgreSQL\13\bin;C:\Users\bbom\AppData\Local\GitHubDesktop\bin;C:\Users\bbom\AppData\Local\Yarn\bin;C:\Users\bbom\AppData\Local\gitkraken\bin;C:\msys64\mingw64\bin;C:\Program Files\JetBrains\PyCharm Community Edition 2021.2\bin;;C:\Users\bbom\OneDrive\Desktop\Intania\ffmpeg-n4.4-80-gbf87bdd3f6-win64-gpl-4.4\ffmpeg-n4.4-80-gbf87bdd3f6-win64-gpl-4.4\bin;C:\Program Files\CodeBlocks\MinGW\bin;;C:\WINDOWS\System32;
USERNAME=bbom
OS=Windows_NT
PROCESSOR_IDENTIFIER=AMD64 Family 23 Model 96 Stepping 1, AuthenticAMD



---------------  S Y S T E M  ---------------

OS:
 Windows 10 , 64 bit Build 19041 (10.0.19041.1348)
OS uptime: 1 days 22:03 hours
Hyper-V role detected

CPU: total 16 (initial active 16) (16 cores per cpu, 2 threads per core) family 23 model 96 stepping 1 microcode 0x0, cx8, cmov, fxsr, ht, mmx, 3dnowpref, sse, sse2, sse3, ssse3, sse4a, sse4.1, sse4.2, popcnt, lzcnt, tsc, tscinvbit, avx, avx2, aes, clmul, bmi1, bmi2, adx, sha, fma, vzeroupper, clflush, clflushopt, hv

Memory: 4k page, system-wide physical 15789M (2267M free)
TotalPageFile size 42350M (AvailPageFile size 47M)
current process WorkingSet (physical memory assigned to process): 367M, peak: 367M
current process commit charge ("private bytes"): 550M, peak: 642M

vm_info: Java HotSpot(TM) 64-Bit Server VM (16.0.2+7-67) for windows-amd64 JRE (16.0.2+7-67), built on Jun  8 2021 23:24:19 by "mach5one" with MS VC++ 16.7 (VS2019)

END.
